<?xml version="1.0" encoding="UTF-8"?>
<testng-results ignored="0" total="1" passed="1" failed="0" skipped="0">
  <reporter-output>
  </reporter-output>
  <suite started-at="2024-02-25T15:30:35 IST" name="Default suite" finished-at="2024-02-25T15:30:41 IST" duration-ms="5768">
    <groups>
    </groups>
    <test started-at="2024-02-25T15:30:35 IST" name="Default test" finished-at="2024-02-25T15:30:41 IST" duration-ms="5768">
      <class name="demoapi.Loginsimple">
        <test-method is-config="true" signature="setup()[pri:0, instance:demoapi.Loginsimple@4550bb58]" started-at="2024-02-25T15:30:35 IST" name="setup" finished-at="2024-02-25T15:30:37 IST" duration-ms="1715" status="PASS">
          <reporter-output>
          </reporter-output>
        </test-method> <!-- setup -->
        <test-method signature="Verifyloginwithvalidcredential()[pri:0, instance:demoapi.Loginsimple@4550bb58]" started-at="2024-02-25T15:30:37 IST" name="Verifyloginwithvalidcredential" finished-at="2024-02-25T15:30:41 IST" duration-ms="3984" status="PASS">
          <reporter-output>
          </reporter-output>
        </test-method> <!-- Verifyloginwithvalidcredential -->
      </class> <!-- demoapi.Loginsimple -->
    </test> <!-- Default test -->
  </suite> <!-- Default suite -->
</testng-results>
